\BOOKMARK [0][-]{chapter.1}{Introduction}{}
\BOOKMARK [1][-]{section.1.1}{Intention of project}{chapter.1}
\BOOKMARK [1][-]{section.1.2}{Goals and success criteria of project}{chapter.1}
\BOOKMARK [1][-]{section.1.3}{Definitions, Acronyms and abbreviations}{chapter.1}
\BOOKMARK [1][-]{section.1.4}{Literature reference}{chapter.1}
\BOOKMARK [0][-]{chapter.2}{AUTOSAR}{}
\BOOKMARK [1][-]{section.2.1}{Overview}{chapter.2}
\BOOKMARK [1][-]{section.2.2}{Memory stack }{chapter.2}
\BOOKMARK [2][-]{subsection.2.2.1}{Memory service}{section.2.2}
\BOOKMARK [2][-]{subsection.2.2.2}{Memory hardware abstraction}{section.2.2}
\BOOKMARK [2][-]{subsection.2.2.3}{Memory drivers}{section.2.2}
\BOOKMARK [0][-]{chapter.3}{Automotive SPICE}{}
\BOOKMARK [1][-]{section.3.1}{Introduction}{chapter.3}
\BOOKMARK [1][-]{section.3.2}{Software design process}{chapter.3}
\BOOKMARK [0][-]{chapter.4}{Modeling languages}{}
\BOOKMARK [1][-]{section.4.1}{UML}{chapter.4}
\BOOKMARK [1][-]{section.4.2}{UML-RT}{chapter.4}
\BOOKMARK [1][-]{section.4.3}{SysML}{chapter.4}
\BOOKMARK [0][-]{chapter.5}{Case study}{}
\BOOKMARK [1][-]{section.5.1}{Overview}{chapter.5}
\BOOKMARK [1][-]{section.5.2}{Requirements}{chapter.5}
\BOOKMARK [2][-]{subsection.5.2.1}{Overview}{section.5.2}
\BOOKMARK [2][-]{subsection.5.2.2}{NVRAM-Manager}{section.5.2}
\BOOKMARK [3][-]{subsubsection.5.2.2.1}{Acronyms and abbreviations}{subsection.5.2.2}
\BOOKMARK [3][-]{subsubsection.5.2.2.2}{Requirements traceability}{subsection.5.2.2}
\BOOKMARK [3][-]{subsubsection.5.2.2.3}{Functional requirements}{subsection.5.2.2}
\BOOKMARK [3][-]{subsubsection.5.2.2.4}{Non-Functional Requirements}{subsection.5.2.2}
\BOOKMARK [2][-]{subsection.5.2.3}{Memory Abstraction Interface}{section.5.2}
\BOOKMARK [3][-]{subsubsection.5.2.3.1}{Acronyms and abbreviations}{subsection.5.2.3}
\BOOKMARK [3][-]{subsubsection.5.2.3.2}{Requirements traceability}{subsection.5.2.3}
\BOOKMARK [3][-]{subsubsection.5.2.3.3}{Functional requirements}{subsection.5.2.3}
\BOOKMARK [3][-]{subsubsection.5.2.3.4}{Non-Functional Requirements}{subsection.5.2.3}
\BOOKMARK [2][-]{subsection.5.2.4}{Memory Abstraction Modules}{section.5.2}
\BOOKMARK [3][-]{subsubsection.5.2.4.1}{Acronyms and abbreviations}{subsection.5.2.4}
\BOOKMARK [3][-]{subsubsection.5.2.4.2}{Requirements traceability}{subsection.5.2.4}
\BOOKMARK [3][-]{subsubsection.5.2.4.3}{Functional requirements}{subsection.5.2.4}
\BOOKMARK [3][-]{subsubsection.5.2.4.4}{Non-Functional Requirements}{subsection.5.2.4}
\BOOKMARK [2][-]{subsection.5.2.5}{Internal Flash Driver}{section.5.2}
\BOOKMARK [3][-]{subsubsection.5.2.5.1}{Acronyms and abbreviations}{subsection.5.2.5}
\BOOKMARK [3][-]{subsubsection.5.2.5.2}{Requirements traceability}{subsection.5.2.5}
\BOOKMARK [3][-]{subsubsection.5.2.5.3}{Functional requirements}{subsection.5.2.5}
\BOOKMARK [3][-]{subsubsection.5.2.5.4}{Non-Functional Requirements}{subsection.5.2.5}
\BOOKMARK [2][-]{subsection.5.2.6}{External Flash Driver}{section.5.2}
\BOOKMARK [3][-]{subsubsection.5.2.6.1}{Acronyms and abbreviations}{subsection.5.2.6}
\BOOKMARK [3][-]{subsubsection.5.2.6.2}{Requirements traceability}{subsection.5.2.6}
\BOOKMARK [3][-]{subsubsection.5.2.6.3}{Functional requirements}{subsection.5.2.6}
\BOOKMARK [3][-]{subsubsection.5.2.6.4}{Non-Functional Requirements}{subsection.5.2.6}
\BOOKMARK [2][-]{subsection.5.2.7}{Internal EEPROM Driver}{section.5.2}
\BOOKMARK [3][-]{subsubsection.5.2.7.1}{Acronyms and abbreviations}{subsection.5.2.7}
\BOOKMARK [3][-]{subsubsection.5.2.7.2}{Requirements traceability}{subsection.5.2.7}
\BOOKMARK [3][-]{subsubsection.5.2.7.3}{Functional requirements}{subsection.5.2.7}
\BOOKMARK [3][-]{subsubsection.5.2.7.4}{Non-Functional Requirements}{subsection.5.2.7}
\BOOKMARK [2][-]{subsection.5.2.8}{External EEPROM Driver}{section.5.2}
\BOOKMARK [3][-]{subsubsection.5.2.8.1}{Acronyms and abbreviations}{subsection.5.2.8}
\BOOKMARK [3][-]{subsubsection.5.2.8.2}{Requirements traceability}{subsection.5.2.8}
\BOOKMARK [3][-]{subsubsection.5.2.8.3}{Functional requirements}{subsection.5.2.8}
\BOOKMARK [3][-]{subsubsection.5.2.8.4}{Non-Functional Requirements}{subsection.5.2.8}
\BOOKMARK [1][-]{section.5.3}{Modelling with UML}{chapter.5}
\BOOKMARK [2][-]{subsection.5.3.1}{Primary Software architecture}{section.5.3}
\BOOKMARK [3][-]{subsubsection.5.3.1.1}{Component segmentation and description of interfaces}{subsection.5.3.1}
\BOOKMARK [3][-]{subsubsection.5.3.1.2}{Hardware/Software mapping}{subsection.5.3.1}
\BOOKMARK [3][-]{subsubsection.5.3.1.3}{Management of persistent data}{subsection.5.3.1}
\BOOKMARK [3][-]{subsubsection.5.3.1.4}{Access rights and access control}{subsection.5.3.1}
\BOOKMARK [3][-]{subsubsection.5.3.1.5}{Global control flow}{subsection.5.3.1}
\BOOKMARK [3][-]{subsubsection.5.3.1.6}{Reference}{subsection.5.3.1}
\BOOKMARK [1][-]{section.5.4}{Modelling with SysML}{chapter.5}
\BOOKMARK [2][-]{subsection.5.4.1}{Software architecture}{section.5.4}
\BOOKMARK [3][-]{subsubsection.5.4.1.1}{Component segmentation and description of interfaces}{subsection.5.4.1}
\BOOKMARK [3][-]{subsubsection.5.4.1.2}{Hardware/Software mapping}{subsection.5.4.1}
\BOOKMARK [3][-]{subsubsection.5.4.1.3}{Management of persistent data}{subsection.5.4.1}
\BOOKMARK [3][-]{subsubsection.5.4.1.4}{Access rights and access control}{subsection.5.4.1}
\BOOKMARK [3][-]{subsubsection.5.4.1.5}{Global control flow}{subsection.5.4.1}
\BOOKMARK [3][-]{subsubsection.5.4.1.6}{Tools}{subsection.5.4.1}
\BOOKMARK [3][-]{subsubsection.5.4.1.7}{Reference}{subsection.5.4.1}
\BOOKMARK [1][-]{section.5.5}{Modelling with UMLRT}{chapter.5}
\BOOKMARK [2][-]{subsection.5.5.1}{Software architecture}{section.5.5}
\BOOKMARK [3][-]{subsubsection.5.5.1.1}{Component segmentation and description of interfaces}{subsection.5.5.1}
\BOOKMARK [3][-]{subsubsection.5.5.1.2}{Hardware/Software mapping}{subsection.5.5.1}
\BOOKMARK [3][-]{subsubsection.5.5.1.3}{Management of persistent data}{subsection.5.5.1}
\BOOKMARK [3][-]{subsubsection.5.5.1.4}{Access rights and access control}{subsection.5.5.1}
\BOOKMARK [3][-]{subsubsection.5.5.1.5}{Global control flow}{subsection.5.5.1}
\BOOKMARK [3][-]{subsubsection.5.5.1.6}{Tools}{subsection.5.5.1}
\BOOKMARK [3][-]{subsubsection.5.5.1.7}{Reference}{subsection.5.5.1}
\BOOKMARK [0][-]{chapter.6}{Tools}{}
\BOOKMARK [1][-]{section.6.1}{EA}{chapter.6}
\BOOKMARK [1][-]{section.6.2}{RoseRT}{chapter.6}
\BOOKMARK [0][-]{chapter.7}{Conclsion}{}
\BOOKMARK [1][-]{section.7.1}{Final words}{chapter.7}
\BOOKMARK [0][-]{chapter.8}{Glossary}{}
