This is pdfTeXk, Version 3.1415926-1.40.9 (Web2C 7.5.7) (format=pdflatex 2009.10.24)  1 NOV 2009 15:26
entering extended mode
\write18 enabled.
 %&-line parsing enabled.
**Draft.tex
(./Draft.tex
LaTeX2e <2005/12/01>
Babel <v3.8l> and hyphenation patterns for english, usenglishmax, dumylang, noh
yphenation, german-x-2008-06-18, ngerman-x-2008-06-18, ancientgreek, ibycus, ar
abic, basque, bulgarian, catalan, pinyin, coptic, croatian, czech, danish, dutc
h, esperanto, estonian, farsi, finnish, french, galician, german, ngerman, mono
greek, greek, hungarian, icelandic, indonesian, interlingua, irish, italian, la
tin, lithuanian, mongolian, mongolian2a, bokmal, nynorsk, polish, portuguese, r
omanian, russian, sanskrit, serbian, slovak, slovenian, spanish, swedish, turki
sh, ukenglish, ukrainian, uppersorbian, welsh, loaded.
(/usr/local/texlive/2008/texmf-dist/tex/latex/base/report.cls
Document Class: report 2005/09/16 v1.4f Standard LaTeX document class
(/usr/local/texlive/2008/texmf-dist/tex/latex/base/size12.clo
File: size12.clo 2005/09/16 v1.4f Standard LaTeX file (size option)
)
\c@part=\count79
\c@chapter=\count80
\c@section=\count81
\c@subsection=\count82
\c@subsubsection=\count83
\c@paragraph=\count84
\c@subparagraph=\count85
\c@figure=\count86
\c@table=\count87
\abovecaptionskip=\skip41
\belowcaptionskip=\skip42
\bibindent=\dimen102
)
(/usr/local/texlive/2008/texmf-dist/tex/latex/graphics/graphicx.sty
Package: graphicx 1999/02/16 v1.0f Enhanced LaTeX Graphics (DPC,SPQR)

(/usr/local/texlive/2008/texmf-dist/tex/latex/graphics/keyval.sty
Package: keyval 1999/03/16 v1.13 key=value parser (DPC)
\KV@toks@=\toks14
)
(/usr/local/texlive/2008/texmf-dist/tex/latex/graphics/graphics.sty
Package: graphics 2006/02/20 v1.0o Standard LaTeX Graphics (DPC,SPQR)

(/usr/local/texlive/2008/texmf-dist/tex/latex/graphics/trig.sty
Package: trig 1999/03/16 v1.09 sin cos tan (DPC)
)
(/usr/local/texlive/2008/texmf/tex/latex/config/graphics.cfg
File: graphics.cfg 2007/01/18 v1.5 graphics configuration of teTeX/TeXLive
)
Package graphics Info: Driver file: pdftex.def on input line 90.

(/usr/local/texlive/2008/texmf-dist/tex/latex/pdftex-def/pdftex.def
File: pdftex.def 2008/09/08 v0.04l Graphics/color for pdfTeX
\Gread@gobject=\count88
))
\Gin@req@height=\dimen103
\Gin@req@width=\dimen104
)
(/usr/local/texlive/2008/texmf-dist/tex/latex/ltxmisc/a4wide.sty
Package: a4wide 1994/08/30

(/usr/local/texlive/2008/texmf-dist/tex/latex/ntgclass/a4.sty
Package: a4 2004/04/15 v1.2g A4 based page layout
))
(/usr/local/texlive/2008/texmf-dist/tex/latex/fancyhdr/fancyhdr.sty
\fancy@headwidth=\skip43
\f@ncyO@elh=\skip44
\f@ncyO@erh=\skip45
\f@ncyO@olh=\skip46
\f@ncyO@orh=\skip47
\f@ncyO@elf=\skip48
\f@ncyO@erf=\skip49
\f@ncyO@olf=\skip50
\f@ncyO@orf=\skip51
)
(/usr/local/texlive/2008/texmf-dist/tex/latex/hyperref/hyperref.sty
Package: hyperref 2009/02/22 v6.78p Hypertext links for LaTeX

(/usr/local/texlive/2008/texmf-dist/tex/generic/oberdiek/ifpdf.sty
Package: ifpdf 2007/12/12 v1.6 Provides the ifpdf switch (HO)
Package ifpdf Info: pdfTeX in pdf mode detected.
)
(/usr/local/texlive/2008/texmf-dist/tex/generic/oberdiek/ifvtex.sty
Package: ifvtex 2008/11/04 v1.4 Switches for detecting VTeX and its modes (HO)
Package ifvtex Info: VTeX not detected.
)
(/usr/local/texlive/2008/texmf-dist/tex/generic/ifxetex/ifxetex.sty
Package: ifxetex 2009/01/23 v0.5 Provides ifxetex conditional
)
(/usr/local/texlive/2008/texmf-dist/tex/latex/oberdiek/hycolor.sty
Package: hycolor 2008/09/08 v1.4 Code for color options of hyperref/bookmark (H
O)

(/usr/local/texlive/2008/texmf-dist/tex/latex/oberdiek/xcolor-patch.sty
Package: xcolor-patch 2008/09/08 xcolor patch
))
\@linkdim=\dimen105
\Hy@linkcounter=\count89
\Hy@pagecounter=\count90

(/usr/local/texlive/2008/texmf-dist/tex/latex/hyperref/pd1enc.def
File: pd1enc.def 2009/02/22 v6.78p Hyperref: PDFDocEncoding definition (HO)
)
(/usr/local/texlive/2008/texmf-dist/tex/generic/oberdiek/etexcmds.sty
Package: etexcmds 2007/12/12 v1.2 Prefix for e-TeX command names (HO)

(/usr/local/texlive/2008/texmf-dist/tex/generic/oberdiek/infwarerr.sty
Package: infwarerr 2007/09/09 v1.2 Providing info/warning/message (HO)
)
Package etexcmds Info: Could not find \expanded.
(etexcmds)             That can mean that you are not using pdfTeX 1.50 or
(etexcmds)             that some package has redefined \expanded.
(etexcmds)             In the latter case, load this package earlier.
)
(/usr/local/texlive/2008/texmf/tex/latex/config/hyperref.cfg
File: hyperref.cfg 2002/06/06 v1.2 hyperref configuration of TeXLive
)
(/usr/local/texlive/2008/texmf-dist/tex/latex/oberdiek/kvoptions.sty
Package: kvoptions 2007/10/18 v3.0 Keyval support for LaTeX options (HO)
)
Package hyperref Info: Option `bookmarks' set `true' on input line 2824.
Package hyperref Info: Hyper figures OFF on input line 2935.
Package hyperref Info: Link nesting OFF on input line 2940.
Package hyperref Info: Hyper index ON on input line 2943.
Package hyperref Info: Plain pages OFF on input line 2950.
Package hyperref Info: Backreferencing OFF on input line 2955.

Implicit mode ON; LaTeX internals redefined
Package hyperref Info: Bookmarks ON on input line 3145.
(/usr/local/texlive/2008/texmf-dist/tex/latex/ltxmisc/url.sty
\Urlmuskip=\muskip10
Package: url 2006/04/12  ver 3.3  Verb mode for urls, etc.
)
LaTeX Info: Redefining \url on input line 3382.

(/usr/local/texlive/2008/texmf-dist/tex/generic/oberdiek/bitset.sty
Package: bitset 2007/09/28 v1.0 Data type bit set (HO)

(/usr/local/texlive/2008/texmf-dist/tex/generic/oberdiek/intcalc.sty
Package: intcalc 2007/09/27 v1.1 Expandable integer calculations (HO)
)
(/usr/local/texlive/2008/texmf-dist/tex/generic/oberdiek/bigintcalc.sty
Package: bigintcalc 2007/11/11 v1.1 Expandable big integer calculations (HO)

(/usr/local/texlive/2008/texmf-dist/tex/generic/oberdiek/pdftexcmds.sty
Package: pdftexcmds 2007/12/12 v0.3 LuaTeX support for pdfTeX utility functions
 (HO)
Package pdftexcmds Info: LuaTeX not detected on input line 139.
)))
(/usr/local/texlive/2008/texmf-dist/tex/generic/oberdiek/kvsetkeys.sty
Package: kvsetkeys 2007/09/29 v1.3 Key value parser with default handler suppor
t (HO)
)
\Fld@menulength=\count91
\Field@Width=\dimen106
\Fld@charsize=\dimen107
\Field@toks=\toks15
Package hyperref Info: Hyper figures OFF on input line 4299.
Package hyperref Info: Link nesting OFF on input line 4304.
Package hyperref Info: Hyper index ON on input line 4307.
Package hyperref Info: backreferencing OFF on input line 4314.
Package hyperref Info: Link coloring OFF on input line 4319.
Package hyperref Info: Link coloring with OCG OFF on input line 4324.
Package hyperref Info: PDF/A mode OFF on input line 4329.

(/usr/local/texlive/2008/texmf-dist/tex/generic/oberdiek/atbegshi.sty
Package: atbegshi 2008/07/31 v1.9 At begin shipout hook (HO)
)
\Hy@abspage=\count92
\c@Item=\count93
\c@Hfootnote=\count94
)
*hyperref using driver hpdftex*
(/usr/local/texlive/2008/texmf-dist/tex/latex/hyperref/hpdftex.def
File: hpdftex.def 2009/02/22 v6.78p Hyperref driver for pdfTeX
\Fld@listcount=\count95
)
Package hyperref Info: Option `colorlinks' set `false' on input line 22.

(./Draft.aux (./Introduction.aux) (./Case_study.aux) (./Glossary.aux)
(./References.aux))
\openout1 = `Draft.aux'.

LaTeX Font Info:    Checking defaults for OML/cmm/m/it on input line 23.
LaTeX Font Info:    ... okay on input line 23.
LaTeX Font Info:    Checking defaults for T1/cmr/m/n on input line 23.
LaTeX Font Info:    ... okay on input line 23.
LaTeX Font Info:    Checking defaults for OT1/cmr/m/n on input line 23.
LaTeX Font Info:    ... okay on input line 23.
LaTeX Font Info:    Checking defaults for OMS/cmsy/m/n on input line 23.
LaTeX Font Info:    ... okay on input line 23.
LaTeX Font Info:    Checking defaults for OMX/cmex/m/n on input line 23.
LaTeX Font Info:    ... okay on input line 23.
LaTeX Font Info:    Checking defaults for U/cmr/m/n on input line 23.
LaTeX Font Info:    ... okay on input line 23.
LaTeX Font Info:    Checking defaults for PD1/pdf/m/n on input line 23.
LaTeX Font Info:    ... okay on input line 23.

(/usr/local/texlive/2008/texmf-dist/tex/context/base/supp-pdf.tex
[Loading MPS to PDF converter (version 2006.09.02).]
\scratchcounter=\count96
\scratchdimen=\dimen108
\scratchbox=\box26
\nofMPsegments=\count97
\nofMParguments=\count98
\everyMPshowfont=\toks16
\MPscratchCnt=\count99
\MPscratchDim=\dimen109
\MPnumerator=\count100
\everyMPtoPDFconversion=\toks17
)
Package hyperref Info: Link coloring OFF on input line 23.
 (/usr/local/texlive/2008/texmf-dist/tex/latex/hyperref/nameref.sty
Package: nameref 2007/05/29 v2.31 Cross-referencing by name of section

(/usr/local/texlive/2008/texmf-dist/tex/latex/oberdiek/refcount.sty
Package: refcount 2008/08/11 v3.1 Data extraction from references (HO)
)
\c@section@level=\count101
)
LaTeX Info: Redefining \ref on input line 23.
LaTeX Info: Redefining \pageref on input line 23.

(./Draft.out) (./Draft.out)
\@outlinefile=\write3
\openout3 = `Draft.out'.

\AtBeginShipoutBox=\box27
 (./Draft.toc
LaTeX Font Info:    External font `cmex10' loaded for size
(Font)              <12> on input line 2.
LaTeX Font Info:    External font `cmex10' loaded for size
(Font)              <8> on input line 2.
LaTeX Font Info:    External font `cmex10' loaded for size
(Font)              <6> on input line 2.
 [1


{/usr/local/texlive/2008/texmf-var/fonts/map/pdftex/updmap/pdftex.map}] [2])
\tf@toc=\write4
\openout4 = `Draft.toc'.

 [3]
\openout2 = `Introduction.aux'.

 (./Introduction.tex
.
LaTeX Font Info:    External font `cmex10' loaded for size
(Font)              <7> on input line 5.
LaTeX Font Info:    External font `cmex10' loaded for size
(Font)              <5> on input line 5.
Missing character: There is no Þ in font cmss10!
<Images/Figure1_1.png, id=468, 598.235pt x 443.6575pt>
File: Images/Figure1_1.png Graphic file (type png)

<use Images/Figure1_1.png> [4


 <./Images/Figure1_1.png (PNG copy)>]
LaTeX Font Info:    Try loading font information for OMS+cmss on input line 13.

LaTeX Font Info:    No file OMScmss.fd. on input line 13.


LaTeX Font Warning: Font shape `OMS/cmss/m/n' undefined
(Font)              using `OMS/cmsy/m/n' instead
(Font)              for symbol `textbullet' on input line 13.

) [5]
\openout2 = `Case_study.aux'.

 (./Case_study.tex
.
<Images/Figure2_1.png, id=482, 580.1675pt x 552.0625pt>
File: Images/Figure2_1.png Graphic file (type png)

<use Images/Figure2_1.png> [6



 <./Images/Figure2_1.png (PNG copy)>]
(./Case_Study/Requirements.tex
Underfull \hbox (badness 10000) in paragraph at lines 11--26

 []


Underfull \hbox (badness 10000) in paragraph at lines 11--26

 []


Underfull \hbox (badness 10000) in paragraph at lines 11--26

 []


Underfull \hbox (badness 10000) in paragraph at lines 11--26

 []


Underfull \hbox (badness 10000) in paragraph at lines 11--26

 []


Underfull \hbox (badness 10000) in paragraph at lines 11--26

 []


Underfull \hbox (badness 10000) in paragraph at lines 11--26

 []


Underfull \hbox (badness 10000) in paragraph at lines 30--57

 []


Underfull \hbox (badness 10000) in paragraph at lines 30--57

 []


Underfull \hbox (badness 10000) in paragraph at lines 30--57

 []


Underfull \hbox (badness 10000) in paragraph at lines 30--57

 []


Underfull \hbox (badness 10000) in paragraph at lines 30--57

 []


Underfull \hbox (badness 10000) in paragraph at lines 30--57

 []


Underfull \hbox (badness 10000) in paragraph at lines 30--57

 []


Underfull \hbox (badness 10000) in paragraph at lines 30--57

 []


Underfull \hbox (badness 10000) in paragraph at lines 30--57

 []


Underfull \hbox (badness 10000) in paragraph at lines 30--57

 []


Underfull \hbox (badness 10000) in paragraph at lines 30--57

 []


Underfull \hbox (badness 10000) in paragraph at lines 30--57

 []


Underfull \hbox (badness 10000) in paragraph at lines 30--57

 []


Underfull \hbox (badness 10000) in paragraph at lines 30--57

 []


Underfull \hbox (badness 10000) in paragraph at lines 30--57

 []

[7]
Overfull \hbox (7.28418pt too wide) in paragraph at lines 58--60
\OT1/cmss/bx/n/12 [BSW08533] \OT1/cmss/m/n/12 - The [] man-ager pro-vides a ser
-vice to check and load those [],
 []


Underfull \hbox (badness 10000) in paragraph at lines 58--60

 []


Underfull \hbox (badness 10000) in paragraph at lines 58--60

 []


Underfull \vbox (badness 10000) has occurred while \output is active []

 [8]
Underfull \hbox (badness 10000) in paragraph at lines 61--100

 []


Underfull \hbox (badness 10000) in paragraph at lines 61--100

 []


Underfull \hbox (badness 10000) in paragraph at lines 61--100

 []


Underfull \hbox (badness 10000) in paragraph at lines 61--100

 []


Underfull \hbox (badness 10000) in paragraph at lines 61--100

 []


Underfull \hbox (badness 10000) in paragraph at lines 61--100

 []


Underfull \hbox (badness 10000) in paragraph at lines 61--100

 []


Underfull \hbox (badness 10000) in paragraph at lines 61--100

 []


Underfull \hbox (badness 10000) in paragraph at lines 61--100

 []


Underfull \hbox (badness 10000) in paragraph at lines 61--100

 []


Underfull \hbox (badness 10000) in paragraph at lines 61--100

 []


Underfull \hbox (badness 10000) in paragraph at lines 61--100

 []


Underfull \hbox (badness 10000) in paragraph at lines 61--100

 []


Underfull \hbox (badness 10000) in paragraph at lines 61--100

 []


Underfull \hbox (badness 10000) in paragraph at lines 61--100

 []


Underfull \hbox (badness 10000) in paragraph at lines 61--100

 []


Underfull \hbox (badness 10000) in paragraph at lines 61--100

 []


Underfull \hbox (badness 10000) in paragraph at lines 61--100

 []


Underfull \hbox (badness 10000) in paragraph at lines 61--100

 []


Underfull \hbox (badness 10000) in paragraph at lines 61--100

 []

[9]
Underfull \hbox (badness 10000) in paragraph at lines 102--105

 []


Underfull \hbox (badness 10000) in paragraph at lines 102--105

 []


Underfull \hbox (badness 10000) in paragraph at lines 106--113

 []


Underfull \hbox (badness 10000) in paragraph at lines 106--113

 []


Underfull \hbox (badness 10000) in paragraph at lines 106--113

 []


Underfull \hbox (badness 10000) in paragraph at lines 106--113

 []

[10] [11]
Underfull \hbox (badness 10000) in paragraph at lines 129--132

 []


Underfull \hbox (badness 10000) in paragraph at lines 134--170

 []


Underfull \hbox (badness 10000) in paragraph at lines 134--170

 []


Underfull \hbox (badness 10000) in paragraph at lines 134--170

 []


Underfull \hbox (badness 10000) in paragraph at lines 134--170

 []


Underfull \hbox (badness 10000) in paragraph at lines 134--170

 []


Underfull \hbox (badness 10000) in paragraph at lines 134--170

 []


Underfull \hbox (badness 10000) in paragraph at lines 134--170

 []


Underfull \hbox (badness 10000) in paragraph at lines 134--170

 []


Underfull \hbox (badness 10000) in paragraph at lines 134--170

 []


Underfull \hbox (badness 10000) in paragraph at lines 134--170

 []


Underfull \hbox (badness 10000) in paragraph at lines 134--170

 []


Underfull \hbox (badness 10000) in paragraph at lines 134--170

 []


Underfull \hbox (badness 10000) in paragraph at lines 134--170

 []


Underfull \hbox (badness 10000) in paragraph at lines 134--170

 []


Underfull \hbox (badness 10000) in paragraph at lines 134--170

 []


Underfull \hbox (badness 10000) in paragraph at lines 134--170

 []


Underfull \hbox (badness 10000) in paragraph at lines 134--170

 []


Underfull \hbox (badness 10000) in paragraph at lines 134--170

 []


Underfull \hbox (badness 10000) in paragraph at lines 134--170

 []

[12] [13]
Underfull \hbox (badness 10000) in paragraph at lines 171--174

 []

[14]
Underfull \hbox (badness 10000) in paragraph at lines 189--194

 []


Underfull \hbox (badness 10000) in paragraph at lines 189--194

 []

[15]
Underfull \hbox (badness 10000) in paragraph at lines 203--206

 []


Overfull \hbox (7.63124pt too wide) in paragraph at lines 203--206
\OT1/cmss/bx/n/12 [BSW12071] \OT1/cmss/m/n/12 - The driver de-scrip-tion con-ta
ins the fol-low-ing pa-ram-e-ters: to-tal phys-i-cal []
 []


Underfull \hbox (badness 10000) in paragraph at lines 207--232

 []


Underfull \hbox (badness 10000) in paragraph at lines 207--232

 []


Underfull \hbox (badness 10000) in paragraph at lines 207--232

 []


Underfull \hbox (badness 10000) in paragraph at lines 207--232

 []


Underfull \hbox (badness 10000) in paragraph at lines 207--232

 []


Underfull \hbox (badness 10000) in paragraph at lines 207--232

 []


Underfull \hbox (badness 10000) in paragraph at lines 207--232

 []


Underfull \hbox (badness 10000) in paragraph at lines 207--232

 []


Underfull \hbox (badness 10000) in paragraph at lines 207--232

 []


Underfull \hbox (badness 10000) in paragraph at lines 207--232

 []


Underfull \hbox (badness 10000) in paragraph at lines 207--232

 []


Underfull \hbox (badness 10000) in paragraph at lines 207--232

 []

[16] [17]
Underfull \hbox (badness 10000) in paragraph at lines 250--253

 []

[18]
Overfull \hbox (11.46529pt too wide) in paragraph at lines 257--259
\OT1/cmss/m/n/12 The EEP-ROM Ab-strac-tion Layer, as spec-i-fied in [AUTOSAR$[]
$SRS$[]$MemHw$[]$AbstractionLayer.pdf],
 []


Underfull \hbox (badness 10000) in paragraph at lines 257--259

 []


Underfull \hbox (badness 10000) in paragraph at lines 263--276

 []


Underfull \hbox (badness 10000) in paragraph at lines 263--276

 []


Underfull \hbox (badness 10000) in paragraph at lines 263--276

 []


Underfull \hbox (badness 10000) in paragraph at lines 263--276

 []


Underfull \hbox (badness 10000) in paragraph at lines 263--276

 []


Underfull \hbox (badness 10000) in paragraph at lines 263--276

 []


Underfull \hbox (badness 10000) in paragraph at lines 278--301

 []


Underfull \hbox (badness 10000) in paragraph at lines 278--301

 []


Underfull \hbox (badness 10000) in paragraph at lines 278--301

 []


Underfull \hbox (badness 10000) in paragraph at lines 278--301

 []


Underfull \hbox (badness 10000) in paragraph at lines 278--301

 []


Underfull \hbox (badness 10000) in paragraph at lines 278--301

 []


Underfull \hbox (badness 10000) in paragraph at lines 278--301

 []


Underfull \hbox (badness 10000) in paragraph at lines 278--301

 []


Underfull \hbox (badness 10000) in paragraph at lines 278--301

 []


Underfull \hbox (badness 10000) in paragraph at lines 278--301

 []


Underfull \hbox (badness 10000) in paragraph at lines 278--301

 []


Underfull \vbox (badness 1303) has occurred while \output is active []

 [19]
Underfull \hbox (badness 10000) in paragraph at lines 302--306

 []

[20]
Underfull \hbox (badness 10000) in paragraph at lines 308--311

 []

[21]
Underfull \hbox (badness 10000) in paragraph at lines 318--321

 []

) [22] (./Case_Study/UML/SoftwareArchitecture.tex
Underfull \hbox (badness 10000) in paragraph at lines 4--5

 []

<Images/Memory_Stack_Overview_UML.png, id=555, 945.5325pt x 1017.8025pt>
File: Images/Memory_Stack_Overview_UML.png Graphic file (type png)

<use Images/Memory_Stack_Overview_UML.png> [23 <./Images/Memory_Stack_Overview_
UML.png (PNG copy)>]) [24] (./Case_Study/SysML/SoftwareArchitecture.tex)
[25] (./Case_Study/UML_RT/SoftwareArchitecture.tex
LaTeX Font Info:    External font `cmex10' loaded for size
(Font)              <17.28> on input line 1.


Package hyperref Warning: Token not allowed in a PDF string (PDFDocEncoding):
(hyperref)                removing `math shift' on input line 1.


Package hyperref Warning: Token not allowed in a PDF string (PDFDocEncoding):
(hyperref)                removing `math shift' on input line 1.

)) [26]
\openout2 = `Glossary.aux'.

 (./Glossary.tex
.

Underfull \hbox (badness 10000) in paragraph at lines 3--57

 []


Underfull \hbox (badness 10000) in paragraph at lines 3--57

 []


Underfull \hbox (badness 10000) in paragraph at lines 3--57

 []


Underfull \hbox (badness 10000) in paragraph at lines 3--57

 []


Underfull \hbox (badness 10000) in paragraph at lines 3--57

 []


Underfull \hbox (badness 10000) in paragraph at lines 3--57

 []


Underfull \hbox (badness 10000) in paragraph at lines 3--57

 []


Underfull \hbox (badness 10000) in paragraph at lines 3--57

 []


Underfull \hbox (badness 10000) in paragraph at lines 3--57

 []


Underfull \hbox (badness 10000) in paragraph at lines 3--57

 []


Underfull \hbox (badness 10000) in paragraph at lines 3--57

 []


Underfull \hbox (badness 10000) in paragraph at lines 3--57

 []


Underfull \hbox (badness 10000) in paragraph at lines 3--57

 []


Underfull \hbox (badness 10000) in paragraph at lines 3--57

 []


Underfull \hbox (badness 10000) in paragraph at lines 3--57

 []


Underfull \hbox (badness 10000) in paragraph at lines 3--57

 []


Underfull \hbox (badness 10000) in paragraph at lines 3--57

 []


Underfull \hbox (badness 10000) in paragraph at lines 3--57

 []


Underfull \hbox (badness 10000) in paragraph at lines 3--57

 []


Underfull \hbox (badness 10000) in paragraph at lines 3--57

 []


Underfull \hbox (badness 10000) in paragraph at lines 3--57

 []


Underfull \hbox (badness 10000) in paragraph at lines 3--57

 []


Underfull \hbox (badness 10000) in paragraph at lines 3--57

 []


Underfull \hbox (badness 10000) in paragraph at lines 3--57

 []


Underfull \hbox (badness 10000) in paragraph at lines 3--57

 []


Underfull \hbox (badness 10000) in paragraph at lines 3--57

 []


Underfull \hbox (badness 10000) in paragraph at lines 3--57

 []


Underfull \hbox (badness 10000) in paragraph at lines 3--57

 []


Underfull \vbox (badness 1558) has occurred while \output is active []

 [27



])
[28]
\openout2 = `References.aux'.

 (./References.tex) [29



] (./Draft.aux (./Introduction.aux)
(./Case_study.aux) (./Glossary.aux) (./References.aux))

LaTeX Font Warning: Some font shapes were not available, defaults substituted.

 ) 
Here is how much of TeX's memory you used:
 4527 strings out of 493876
 67095 string characters out of 1150567
 139576 words of memory out of 3000000
 7590 multiletter control sequences out of 10000+50000
 10597 words of font info for 37 fonts, out of 3000000 for 5000
 714 hyphenation exceptions out of 8191
 36i,12n,43p,625b,336s stack positions out of 5000i,500n,10000p,200000b,50000s
</usr/local/texlive/2008/texmf-dist/fonts/type1/bluesky/cm/cmss10.pfb></usr/l
ocal/texlive/2008/texmf-dist/fonts/type1/bluesky/cm/cmss12.pfb></usr/local/texl
ive/2008/texmf-dist/fonts/type1/bluesky/cm/cmss8.pfb></usr/local/texlive/2008/t
exmf-dist/fonts/type1/bluesky/cm/cmssbx10.pfb></usr/local/texlive/2008/texmf-di
st/fonts/type1/bluesky/cm/cmsy10.pfb>
Output written on Draft.pdf (29 pages, 251357 bytes).
PDF statistics:
 632 PDF objects out of 1000 (max. 8388607)
 124 named destinations out of 1000 (max. 131072)
 740 words of extra memory for PDF output out of 10000 (max. 10000000)

