\BOOKMARK [0][-]{chapter.1}{Introduction}{}
\BOOKMARK [1][-]{section.1.1}{Intention of project}{chapter.1}
\BOOKMARK [1][-]{section.1.2}{Goals and success criteria of project}{chapter.1}
\BOOKMARK [0][-]{chapter.2}{Case study}{}
\BOOKMARK [1][-]{section.2.1}{Overview}{chapter.2}
\BOOKMARK [1][-]{section.2.2}{Requirements}{chapter.2}
\BOOKMARK [2][-]{subsection.2.2.1}{Overview}{section.2.2}
\BOOKMARK [2][-]{subsection.2.2.2}{NVRAM-Manager}{section.2.2}
\BOOKMARK [3][-]{subsubsection.2.2.2.1}{Acronyms and abbreviations}{subsection.2.2.2}
\BOOKMARK [3][-]{subsubsection.2.2.2.2}{Functional requirements}{subsection.2.2.2}
\BOOKMARK [3][-]{subsubsection.2.2.2.3}{Configuration}{subsection.2.2.2}
\BOOKMARK [3][-]{subsubsection.2.2.2.4}{Initialization}{subsection.2.2.2}
\BOOKMARK [3][-]{subsubsection.2.2.2.5}{Normal Operation}{subsection.2.2.2}
\BOOKMARK [3][-]{subsubsection.2.2.2.6}{Shutdown Operation}{subsection.2.2.2}
\BOOKMARK [3][-]{subsubsection.2.2.2.7}{Fault Operation}{subsection.2.2.2}
\BOOKMARK [3][-]{subsubsection.2.2.2.8}{Non-Functional Requirements}{subsection.2.2.2}
\BOOKMARK [3][-]{subsubsection.2.2.2.9}{Hardware independence}{subsection.2.2.2}
\BOOKMARK [3][-]{subsubsection.2.2.2.10}{Usability}{subsection.2.2.2}
\BOOKMARK [2][-]{subsection.2.2.3}{Internal Flash Driver}{section.2.2}
\BOOKMARK [3][-]{subsubsection.2.2.3.1}{Acronyms and abbreviations}{subsection.2.2.3}
\BOOKMARK [3][-]{subsubsection.2.2.3.2}{Functional requirements}{subsection.2.2.3}
\BOOKMARK [3][-]{subsubsection.2.2.3.3}{Configuration}{subsection.2.2.3}
\BOOKMARK [3][-]{subsubsection.2.2.3.4}{Normal Operation}{subsection.2.2.3}
\BOOKMARK [3][-]{subsubsection.2.2.3.5}{Non-Functional Requirements}{subsection.2.2.3}
\BOOKMARK [2][-]{subsection.2.2.4}{External Flash Driver}{section.2.2}
\BOOKMARK [3][-]{subsubsection.2.2.4.1}{Acronyms and abbreviations}{subsection.2.2.4}
\BOOKMARK [3][-]{subsubsection.2.2.4.2}{Functional requirements}{subsection.2.2.4}
\BOOKMARK [3][-]{subsubsection.2.2.4.3}{General}{subsection.2.2.4}
\BOOKMARK [3][-]{subsubsection.2.2.4.4}{Configuration}{subsection.2.2.4}
\BOOKMARK [3][-]{subsubsection.2.2.4.5}{Fault Operation}{subsection.2.2.4}
\BOOKMARK [3][-]{subsubsection.2.2.4.6}{Non-Functional Requirements}{subsection.2.2.4}
\BOOKMARK [2][-]{subsection.2.2.5}{Internal EEPROM Driver}{section.2.2}
\BOOKMARK [3][-]{subsubsection.2.2.5.1}{Acronyms and abbreviations}{subsection.2.2.5}
\BOOKMARK [3][-]{subsubsection.2.2.5.2}{Functional requirements}{subsection.2.2.5}
\BOOKMARK [3][-]{subsubsection.2.2.5.3}{Configuration}{subsection.2.2.5}
\BOOKMARK [3][-]{subsubsection.2.2.5.4}{Normal Operation}{subsection.2.2.5}
\BOOKMARK [3][-]{subsubsection.2.2.5.5}{Non-Functional Requirements}{subsection.2.2.5}
\BOOKMARK [2][-]{subsection.2.2.6}{External EEPROM Driver}{section.2.2}
\BOOKMARK [3][-]{subsubsection.2.2.6.1}{Acronyms and abbreviations}{subsection.2.2.6}
\BOOKMARK [3][-]{subsubsection.2.2.6.2}{Functional requirements}{subsection.2.2.6}
\BOOKMARK [3][-]{subsubsection.2.2.6.3}{General}{subsection.2.2.6}
\BOOKMARK [3][-]{subsubsection.2.2.6.4}{Configuration}{subsection.2.2.6}
\BOOKMARK [3][-]{subsubsection.2.2.6.5}{Normal Operation}{subsection.2.2.6}
\BOOKMARK [3][-]{subsubsection.2.2.6.6}{Non-Functional Requirements}{subsection.2.2.6}
\BOOKMARK [2][-]{subsection.2.2.7}{Memory Abstraction Modules}{section.2.2}
\BOOKMARK [3][-]{subsubsection.2.2.7.1}{Acronyms and abbreviations}{subsection.2.2.7}
\BOOKMARK [3][-]{subsubsection.2.2.7.2}{Functional requirements}{subsection.2.2.7}
\BOOKMARK [3][-]{subsubsection.2.2.7.3}{Configuration}{subsection.2.2.7}
\BOOKMARK [3][-]{subsubsection.2.2.7.4}{Normal Operation}{subsection.2.2.7}
\BOOKMARK [3][-]{subsubsection.2.2.7.5}{Fault Operation}{subsection.2.2.7}
\BOOKMARK [3][-]{subsubsection.2.2.7.6}{Non-Functional Requirements}{subsection.2.2.7}
\BOOKMARK [2][-]{subsection.2.2.8}{Memory Abstraction Interface}{section.2.2}
\BOOKMARK [3][-]{subsubsection.2.2.8.1}{Acronyms and abbreviations}{subsection.2.2.8}
\BOOKMARK [3][-]{subsubsection.2.2.8.2}{Functional requirements}{subsection.2.2.8}
\BOOKMARK [3][-]{subsubsection.2.2.8.3}{General}{subsection.2.2.8}
\BOOKMARK [3][-]{subsubsection.2.2.8.4}{Configuration}{subsection.2.2.8}
\BOOKMARK [3][-]{subsubsection.2.2.8.5}{Normal Operation}{subsection.2.2.8}
\BOOKMARK [3][-]{subsubsection.2.2.8.6}{Fault Operation}{subsection.2.2.8}
\BOOKMARK [3][-]{subsubsection.2.2.8.7}{Non-Functional Requirements}{subsection.2.2.8}
\BOOKMARK [3][-]{subsubsection.2.2.8.8}{Timing Requirements}{subsection.2.2.8}
\BOOKMARK [3][-]{subsubsection.2.2.8.9}{Resource Usage}{subsection.2.2.8}
\BOOKMARK [1][-]{section.2.3}{Modelling with UML}{chapter.2}
\BOOKMARK [2][-]{subsection.2.3.1}{Software architecture}{section.2.3}
\BOOKMARK [3][-]{subsubsection.2.3.1.1}{Component segmentation and description of interfaces}{subsection.2.3.1}
\BOOKMARK [3][-]{subsubsection.2.3.1.2}{Hardware/Software mapping}{subsection.2.3.1}
\BOOKMARK [3][-]{subsubsection.2.3.1.3}{Management of persistent data}{subsection.2.3.1}
\BOOKMARK [3][-]{subsubsection.2.3.1.4}{Access rights and access control}{subsection.2.3.1}
\BOOKMARK [3][-]{subsubsection.2.3.1.5}{Global control flow}{subsection.2.3.1}
\BOOKMARK [3][-]{subsubsection.2.3.1.6}{Tools}{subsection.2.3.1}
\BOOKMARK [3][-]{subsubsection.2.3.1.7}{Reference}{subsection.2.3.1}
\BOOKMARK [1][-]{section.2.4}{Modelling with SysML}{chapter.2}
\BOOKMARK [2][-]{subsection.2.4.1}{Software architecture}{section.2.4}
\BOOKMARK [3][-]{subsubsection.2.4.1.1}{Component segmentation and description of interfaces}{subsection.2.4.1}
\BOOKMARK [3][-]{subsubsection.2.4.1.2}{Hardware/Software mapping}{subsection.2.4.1}
\BOOKMARK [3][-]{subsubsection.2.4.1.3}{Management of persistent data}{subsection.2.4.1}
\BOOKMARK [3][-]{subsubsection.2.4.1.4}{Access rights and access control}{subsection.2.4.1}
\BOOKMARK [3][-]{subsubsection.2.4.1.5}{Global control flow}{subsection.2.4.1}
\BOOKMARK [3][-]{subsubsection.2.4.1.6}{Tools}{subsection.2.4.1}
\BOOKMARK [3][-]{subsubsection.2.4.1.7}{Reference}{subsection.2.4.1}
\BOOKMARK [1][-]{section.2.5}{Modelling with UMLRT}{chapter.2}
\BOOKMARK [2][-]{subsection.2.5.1}{Software architecture}{section.2.5}
\BOOKMARK [3][-]{subsubsection.2.5.1.1}{Component segmentation and description of interfaces}{subsection.2.5.1}
\BOOKMARK [3][-]{subsubsection.2.5.1.2}{Hardware/Software mapping}{subsection.2.5.1}
\BOOKMARK [3][-]{subsubsection.2.5.1.3}{Management of persistent data}{subsection.2.5.1}
\BOOKMARK [3][-]{subsubsection.2.5.1.4}{Access rights and access control}{subsection.2.5.1}
\BOOKMARK [3][-]{subsubsection.2.5.1.5}{Global control flow}{subsection.2.5.1}
\BOOKMARK [3][-]{subsubsection.2.5.1.6}{Tools}{subsection.2.5.1}
\BOOKMARK [3][-]{subsubsection.2.5.1.7}{Reference}{subsection.2.5.1}
\BOOKMARK [0][-]{chapter.3}{Glossary}{}
