This is pdfTeXk, Version 3.1415926-1.40.9 (Web2C 7.5.7) (format=pdflatex 2009.5.23)  20 OCT 2009 16:50
entering extended mode
\write18 enabled.
 %&-line parsing enabled.
**Main.tex
(./Main.tex
LaTeX2e <2005/12/01>
Babel <v3.8l> and hyphenation patterns for english, usenglishmax, dumylang, noh
yphenation, basque, danish, dutch, finnish, french, german, ngerman, hungarian,
 italian, bokmal, nynorsk, polish, portuguese, spanish, swedish, ukenglish, loa
ded.
(/usr/local/texlive/2008basic/texmf-dist/tex/latex/base/report.cls
Document Class: report 2005/09/16 v1.4f Standard LaTeX document class
(/usr/local/texlive/2008basic/texmf-dist/tex/latex/base/size12.clo
File: size12.clo 2005/09/16 v1.4f Standard LaTeX file (size option)
)
\c@part=\count79
\c@chapter=\count80
\c@section=\count81
\c@subsection=\count82
\c@subsubsection=\count83
\c@paragraph=\count84
\c@subparagraph=\count85
\c@figure=\count86
\c@table=\count87
\abovecaptionskip=\skip41
\belowcaptionskip=\skip42
\bibindent=\dimen102
)
(/usr/local/texlive/2008basic/texmf-dist/tex/latex/ltxmisc/a4wide.sty
Package: a4wide 1994/08/30

(/usr/local/texlive/2008basic/texmf-dist/tex/latex/ntgclass/a4.sty
Package: a4 2004/04/15 v1.2g A4 based page layout
))
(/usr/local/texlive/2008basic/texmf-dist/tex/latex/fancyhdr/fancyhdr.sty
\fancy@headwidth=\skip43
\f@ncyO@elh=\skip44
\f@ncyO@erh=\skip45
\f@ncyO@olh=\skip46
\f@ncyO@orh=\skip47
\f@ncyO@elf=\skip48
\f@ncyO@erf=\skip49
\f@ncyO@olf=\skip50
\f@ncyO@orf=\skip51
)
(/usr/local/texlive/2008basic/texmf-dist/tex/latex/hyperref/hyperref.sty
Package: hyperref 2008/11/18 v6.78m Hypertext links for LaTeX

(/usr/local/texlive/2008basic/texmf-dist/tex/latex/graphics/keyval.sty
Package: keyval 1999/03/16 v1.13 key=value parser (DPC)
\KV@toks@=\toks14
)
(/usr/local/texlive/2008basic/texmf-dist/tex/generic/oberdiek/ifpdf.sty
Package: ifpdf 2007/12/12 v1.6 Provides the ifpdf switch (HO)
Package ifpdf Info: pdfTeX in pdf mode detected.
)
(/usr/local/texlive/2008basic/texmf-dist/tex/generic/oberdiek/ifvtex.sty
Package: ifvtex 2008/11/04 v1.4 Switches for detecting VTeX and its modes (HO)
Package ifvtex Info: VTeX not detected.
)
(/usr/local/texlive/2008basic/texmf-dist/tex/generic/ifxetex/ifxetex.sty
Package: ifxetex 2008/09/18 v0.4 Provides ifxetex conditional
)
(/usr/local/texlive/2008basic/texmf-dist/tex/latex/oberdiek/hycolor.sty
Package: hycolor 2008/09/08 v1.4 Code for color options of hyperref/bookmark (H
O)

(/usr/local/texlive/2008basic/texmf-dist/tex/latex/oberdiek/xcolor-patch.sty
Package: xcolor-patch 2008/09/08 xcolor patch
))
\@linkdim=\dimen103
\Hy@linkcounter=\count88
\Hy@pagecounter=\count89

(/usr/local/texlive/2008basic/texmf-dist/tex/latex/hyperref/pd1enc.def
File: pd1enc.def 2008/11/18 v6.78m Hyperref: PDFDocEncoding definition (HO)
)
(/usr/local/texlive/2008basic/texmf-dist/tex/generic/oberdiek/etexcmds.sty
Package: etexcmds 2007/12/12 v1.2 Prefix for e-TeX command names (HO)

(/usr/local/texlive/2008basic/texmf-dist/tex/generic/oberdiek/infwarerr.sty
Package: infwarerr 2007/09/09 v1.2 Providing info/warning/message (HO)
)
Package etexcmds Info: Could not find \expanded.
(etexcmds)             That can mean that you are not using pdfTeX 1.50 or
(etexcmds)             that some package has redefined \expanded.
(etexcmds)             In the latter case, load this package earlier.
)
(/usr/local/texlive/2008basic/texmf/tex/latex/config/hyperref.cfg
File: hyperref.cfg 2002/06/06 v1.2 hyperref configuration of TeXLive
)
(/usr/local/texlive/2008basic/texmf-dist/tex/latex/oberdiek/kvoptions.sty
Package: kvoptions 2007/10/18 v3.0 Keyval support for LaTeX options (HO)
)
Package hyperref Info: Option `bookmarks' set `true' on input line 2796.
Package hyperref Info: Hyper figures OFF on input line 2907.
Package hyperref Info: Link nesting OFF on input line 2912.
Package hyperref Info: Hyper index ON on input line 2915.
Package hyperref Info: Plain pages OFF on input line 2922.
Package hyperref Info: Backreferencing OFF on input line 2927.

Implicit mode ON; LaTeX internals redefined
Package hyperref Info: Bookmarks ON on input line 3117.
(/usr/local/texlive/2008basic/texmf-dist/tex/latex/ltxmisc/url.sty
\Urlmuskip=\muskip10
Package: url 2006/04/12  ver 3.3  Verb mode for urls, etc.
)
LaTeX Info: Redefining \url on input line 3351.

(/usr/local/texlive/2008basic/texmf-dist/tex/generic/oberdiek/bitset.sty
Package: bitset 2007/09/28 v1.0 Data type bit set (HO)

(/usr/local/texlive/2008basic/texmf-dist/tex/generic/oberdiek/intcalc.sty
Package: intcalc 2007/09/27 v1.1 Expandable integer calculations (HO)
)
(/usr/local/texlive/2008basic/texmf-dist/tex/generic/oberdiek/bigintcalc.sty
Package: bigintcalc 2007/11/11 v1.1 Expandable big integer calculations (HO)

(/usr/local/texlive/2008basic/texmf-dist/tex/generic/oberdiek/pdftexcmds.sty
Package: pdftexcmds 2007/12/12 v0.3 LuaTeX support for pdfTeX utility functions
 (HO)
Package pdftexcmds Info: LuaTeX not detected on input line 139.
))) (/usr/local/texlive/2008basic/texmf-dist/tex/generic/oberdiek/kvsetkeys.sty
Package: kvsetkeys 2007/09/29 v1.3 Key value parser with default handler suppor
t (HO)
)
\Fld@menulength=\count90
\Field@Width=\dimen104
\Fld@charsize=\dimen105
\Field@toks=\toks15
Package hyperref Info: Hyper figures OFF on input line 4268.
Package hyperref Info: Link nesting OFF on input line 4273.
Package hyperref Info: Hyper index ON on input line 4276.
Package hyperref Info: backreferencing OFF on input line 4283.
Package hyperref Info: Link coloring OFF on input line 4288.
Package hyperref Info: Link coloring with OCG OFF on input line 4293.
Package hyperref Info: PDF/A mode OFF on input line 4298.

(/usr/local/texlive/2008basic/texmf-dist/tex/generic/oberdiek/atbegshi.sty
Package: atbegshi 2008/07/31 v1.9 At begin shipout hook (HO)
)
\Hy@abspage=\count91
\c@Item=\count92
\c@Hfootnote=\count93
)
*hyperref using driver hpdftex*
(/usr/local/texlive/2008basic/texmf-dist/tex/latex/hyperref/hpdftex.def
File: hpdftex.def 2008/11/18 v6.78m Hyperref driver for pdfTeX
\Fld@listcount=\count94
)
Package hyperref Info: Option `colorlinks' set `false' on input line 22.

(./Main.aux (./Introduction.aux) (./Requirements.aux) (./BP1.aux)
(./Glossary.aux) (./References.aux))
\openout1 = `Main.aux'.

LaTeX Font Info:    Checking defaults for OML/cmm/m/it on input line 23.
LaTeX Font Info:    ... okay on input line 23.
LaTeX Font Info:    Checking defaults for T1/cmr/m/n on input line 23.
LaTeX Font Info:    ... okay on input line 23.
LaTeX Font Info:    Checking defaults for OT1/cmr/m/n on input line 23.
LaTeX Font Info:    ... okay on input line 23.
LaTeX Font Info:    Checking defaults for OMS/cmsy/m/n on input line 23.
LaTeX Font Info:    ... okay on input line 23.
LaTeX Font Info:    Checking defaults for OMX/cmex/m/n on input line 23.
LaTeX Font Info:    ... okay on input line 23.
LaTeX Font Info:    Checking defaults for U/cmr/m/n on input line 23.
LaTeX Font Info:    ... okay on input line 23.
LaTeX Font Info:    Checking defaults for PD1/pdf/m/n on input line 23.
LaTeX Font Info:    ... okay on input line 23.
Package hyperref Info: Link coloring OFF on input line 23.

(/usr/local/texlive/2008basic/texmf-dist/tex/latex/hyperref/nameref.sty
Package: nameref 2007/05/29 v2.31 Cross-referencing by name of section

(/usr/local/texlive/2008basic/texmf-dist/tex/latex/oberdiek/refcount.sty
Package: refcount 2008/08/11 v3.1 Data extraction from references (HO)
)
\c@section@level=\count95
)
LaTeX Info: Redefining \ref on input line 23.
LaTeX Info: Redefining \pageref on input line 23.

(./Main.out) (./Main.out)
\@outlinefile=\write3
\openout3 = `Main.out'.

\AtBeginShipoutBox=\box26
 (./Main.toc
LaTeX Font Info:    External font `cmex10' loaded for size
(Font)              <12> on input line 2.
LaTeX Font Info:    External font `cmex10' loaded for size
(Font)              <8> on input line 2.
LaTeX Font Info:    External font `cmex10' loaded for size
(Font)              <6> on input line 2.
 [1


{/usr/local/texlive/2008basic/texmf-var/fonts/map/pdftex/updmap/pdftex.map}])
\tf@toc=\write4
\openout4 = `Main.toc'.

 [2]
\openout2 = `Introduction.aux'.

 (./Introduction.tex
.
LaTeX Font Info:    Try loading font information for OMS+cmss on input line 8.
LaTeX Font Info:    No file OMScmss.fd. on input line 8.

LaTeX Font Warning: Font shape `OMS/cmss/m/n' undefined
(Font)              using `OMS/cmsy/m/n' instead
(Font)              for symbol `textbullet' on input line 8.

[3


]) [4]
\openout2 = `Requirements.aux'.

 (./Requirements.tex
.

Underfull \hbox (badness 10000) in paragraph at lines 12--27

 []


Underfull \hbox (badness 10000) in paragraph at lines 12--27

 []


Underfull \hbox (badness 10000) in paragraph at lines 12--27

 []


Underfull \hbox (badness 10000) in paragraph at lines 12--27

 []


Underfull \hbox (badness 10000) in paragraph at lines 12--27

 []


Underfull \hbox (badness 10000) in paragraph at lines 12--27

 []


Underfull \hbox (badness 10000) in paragraph at lines 12--27

 []

[5



]
Underfull \hbox (badness 10000) in paragraph at lines 31--58

 []


Underfull \hbox (badness 10000) in paragraph at lines 31--58

 []


Underfull \hbox (badness 10000) in paragraph at lines 31--58

 []


Underfull \hbox (badness 10000) in paragraph at lines 31--58

 []


Underfull \hbox (badness 10000) in paragraph at lines 31--58

 []


Underfull \hbox (badness 10000) in paragraph at lines 31--58

 []


Underfull \hbox (badness 10000) in paragraph at lines 31--58

 []


Underfull \hbox (badness 10000) in paragraph at lines 31--58

 []


Underfull \hbox (badness 10000) in paragraph at lines 31--58

 []


Underfull \hbox (badness 10000) in paragraph at lines 31--58

 []


Underfull \hbox (badness 1448) in paragraph at lines 31--58
\OT1/cmss/bx/n/12 [BSW08000] \OT1/cmss/m/n/12 - The NVRAM man-ager shall be abl
e to ac-cess mul-ti-ple non-volatile
 []


Underfull \hbox (badness 10000) in paragraph at lines 31--58

 []


Underfull \hbox (badness 10000) in paragraph at lines 31--58

 []


Underfull \hbox (badness 10000) in paragraph at lines 31--58

 []


Underfull \hbox (badness 10000) in paragraph at lines 31--58

 []


Underfull \hbox (badness 10000) in paragraph at lines 31--58

 []

[6]
Underfull \hbox (badness 1558) in paragraph at lines 59--61
\OT1/cmss/bx/n/12 [BSW08533] \OT1/cmss/m/n/12 - The [] man-ager pro-vides a ser
-vice to check and load those
 []


Underfull \hbox (badness 10000) in paragraph at lines 59--61

 []


Underfull \hbox (badness 10000) in paragraph at lines 59--61

 []


Underfull \hbox (badness 10000) in paragraph at lines 62--101

 []


Underfull \hbox (badness 10000) in paragraph at lines 62--101

 []


Underfull \hbox (badness 10000) in paragraph at lines 62--101

 []


Underfull \hbox (badness 10000) in paragraph at lines 62--101

 []


Underfull \hbox (badness 10000) in paragraph at lines 62--101

 []


Underfull \hbox (badness 1033) in paragraph at lines 62--101
\OT1/cmss/bx/n/12 [BSW017] \OT1/cmss/m/n/12 - The [] man-ager would be able to 
store data as-so-ci-ated with a
 []


Underfull \hbox (badness 10000) in paragraph at lines 62--101

 []


Underfull \hbox (badness 10000) in paragraph at lines 62--101

 []


Underfull \hbox (badness 10000) in paragraph at lines 62--101

 []


Underfull \hbox (badness 10000) in paragraph at lines 62--101

 []


Underfull \hbox (badness 10000) in paragraph at lines 62--101

 []


Underfull \hbox (badness 10000) in paragraph at lines 62--101

 []


Underfull \hbox (badness 10000) in paragraph at lines 62--101

 []


Underfull \hbox (badness 10000) in paragraph at lines 62--101

 []


Underfull \hbox (badness 10000) in paragraph at lines 62--101

 []


Underfull \hbox (badness 10000) in paragraph at lines 62--101

 []


Underfull \hbox (badness 1127) in paragraph at lines 62--101
\OT1/cmss/bx/n/12 [BSW08542] \OT1/cmss/m/n/12 - The [] man-ager pro-vides a sch
edul-ing ser-vice for jobs. The
 []


Underfull \hbox (badness 10000) in paragraph at lines 62--101

 []


Underfull \hbox (badness 10000) in paragraph at lines 62--101

 []


Underfull \hbox (badness 10000) in paragraph at lines 62--101

 []


Underfull \hbox (badness 10000) in paragraph at lines 62--101

 []


Underfull \hbox (badness 10000) in paragraph at lines 62--101

 []

[7]
Underfull \hbox (badness 10000) in paragraph at lines 103--106

 []


Underfull \hbox (badness 10000) in paragraph at lines 103--106

 []

[8]
Underfull \hbox (badness 10000) in paragraph at lines 107--114

 []


Underfull \hbox (badness 10000) in paragraph at lines 107--114

 []


Underfull \hbox (badness 10000) in paragraph at lines 107--114

 []


Underfull \hbox (badness 10000) in paragraph at lines 107--114

 []

[9]
Underfull \hbox (badness 10000) in paragraph at lines 130--133

 []


Underfull \hbox (badness 10000) in paragraph at lines 135--171

 []


Underfull \hbox (badness 10000) in paragraph at lines 135--171

 []


Underfull \hbox (badness 10000) in paragraph at lines 135--171

 []


Underfull \hbox (badness 1033) in paragraph at lines 135--171
\OT1/cmss/bx/n/12 [BSW12137] \OT1/cmss/m/n/12 - With the syn-chronous can-cel f
unc-tion can the flash driver stop any
 []


Underfull \hbox (badness 10000) in paragraph at lines 135--171

 []


Underfull \hbox (badness 10000) in paragraph at lines 135--171

 []


Underfull \hbox (badness 10000) in paragraph at lines 135--171

 []


Underfull \hbox (badness 10000) in paragraph at lines 135--171

 []


Underfull \hbox (badness 10000) in paragraph at lines 135--171

 []


Underfull \hbox (badness 10000) in paragraph at lines 135--171

 []


Underfull \hbox (badness 10000) in paragraph at lines 135--171

 []


Underfull \hbox (badness 10000) in paragraph at lines 135--171

 []


Underfull \hbox (badness 10000) in paragraph at lines 135--171

 []


Underfull \hbox (badness 10000) in paragraph at lines 135--171

 []


Underfull \hbox (badness 10000) in paragraph at lines 135--171

 []


Underfull \hbox (badness 10000) in paragraph at lines 135--171

 []


Underfull \hbox (badness 10000) in paragraph at lines 135--171

 []


Underfull \hbox (badness 10000) in paragraph at lines 135--171

 []


Underfull \hbox (badness 10000) in paragraph at lines 135--171

 []


Underfull \hbox (badness 10000) in paragraph at lines 135--171

 []

[10] [11]
Underfull \hbox (badness 10000) in paragraph at lines 172--175

 []

[12]
Underfull \hbox (badness 10000) in paragraph at lines 190--195

 []


Underfull \hbox (badness 10000) in paragraph at lines 190--195

 []

[13]
Underfull \hbox (badness 10000) in paragraph at lines 204--207

 []


Underfull \hbox (badness 10000) in paragraph at lines 208--233

 []


Underfull \hbox (badness 10000) in paragraph at lines 208--233

 []


Underfull \hbox (badness 10000) in paragraph at lines 208--233

 []


Underfull \hbox (badness 10000) in paragraph at lines 208--233

 []


Underfull \hbox (badness 10000) in paragraph at lines 208--233

 []


Underfull \hbox (badness 10000) in paragraph at lines 208--233

 []


Underfull \hbox (badness 10000) in paragraph at lines 208--233

 []


Underfull \hbox (badness 10000) in paragraph at lines 208--233

 []


Underfull \hbox (badness 10000) in paragraph at lines 208--233

 []


Underfull \hbox (badness 10000) in paragraph at lines 208--233

 []


Underfull \hbox (badness 10000) in paragraph at lines 208--233

 []


Underfull \hbox (badness 10000) in paragraph at lines 208--233

 []

[14] [15]
Underfull \hbox (badness 10000) in paragraph at lines 251--254

 []

[16]
Overfull \hbox (11.46529pt too wide) in paragraph at lines 258--260
\OT1/cmss/m/n/12 The EEP-ROM Ab-strac-tion Layer, as spec-i-fied in [AUTOSAR$[]
$SRS$[]$MemHw$[]$AbstractionLayer.pdf],
 []


Underfull \hbox (badness 10000) in paragraph at lines 258--260

 []


Underfull \hbox (badness 10000) in paragraph at lines 264--277

 []


Underfull \hbox (badness 10000) in paragraph at lines 264--277

 []


Underfull \hbox (badness 10000) in paragraph at lines 264--277

 []


Underfull \hbox (badness 10000) in paragraph at lines 264--277

 []


Underfull \hbox (badness 10000) in paragraph at lines 264--277

 []


Underfull \hbox (badness 10000) in paragraph at lines 264--277

 []


Underfull \hbox (badness 10000) in paragraph at lines 279--302

 []


Underfull \hbox (badness 10000) in paragraph at lines 279--302

 []


Underfull \hbox (badness 10000) in paragraph at lines 279--302

 []


Underfull \hbox (badness 10000) in paragraph at lines 279--302

 []


Underfull \hbox (badness 1107) in paragraph at lines 279--302
\OT1/cmss/bx/n/12 [BSW14009] \OT1/cmss/m/n/12 - An un-am-bigu-ous con-ver-sion 
be-tween the log-i-cal lin-ear ad-dresses and
 []


Underfull \hbox (badness 10000) in paragraph at lines 279--302

 []


Underfull \hbox (badness 1163) in paragraph at lines 279--302
\OT1/cmss/bx/n/12 [BSW14010] \OT1/cmss/m/n/12 - The write op-er-a-tion pro-vide
d by the FEE and EA mod-ule op-er-ates
 []


Underfull \hbox (badness 10000) in paragraph at lines 279--302

 []


Underfull \hbox (badness 10000) in paragraph at lines 279--302

 []


Underfull \hbox (badness 10000) in paragraph at lines 279--302

 []


Underfull \hbox (badness 10000) in paragraph at lines 279--302

 []


Underfull \hbox (badness 10000) in paragraph at lines 279--302

 []


Underfull \hbox (badness 10000) in paragraph at lines 279--302

 []

[17]
Underfull \hbox (badness 10000) in paragraph at lines 303--307

 []

[18]
Underfull \hbox (badness 10000) in paragraph at lines 309--312

 []


Underfull \hbox (badness 1097) in paragraph at lines 309--312
\OT1/cmss/bx/n/12 [BSW14018] \OT1/cmss/m/n/12 - The func-tional scope of an in-
ter-nal flash driver is ex-tended by the
 []

[19]
Underfull \hbox (badness 10000) in paragraph at lines 319--322

 []


Underfull \hbox (badness 1377) in paragraph at lines 319--322
\OT1/cmss/bx/n/12 [BSW14020] \OT1/cmss/m/n/12 - Us-ing de-vice in-dex can the m
em-ory ab-strac-tion in-ter-face se-lect the
 []

) [20]
\openout2 = `BP1.aux'.

 (./BP1.tex
.
) [21



]
\openout2 = `Glossary.aux'.

 (./Glossary.tex
.

Underfull \hbox (badness 10000) in paragraph at lines 3--57

 []


Underfull \hbox (badness 10000) in paragraph at lines 3--57

 []


Underfull \hbox (badness 10000) in paragraph at lines 3--57

 []


Underfull \hbox (badness 10000) in paragraph at lines 3--57

 []


Underfull \hbox (badness 10000) in paragraph at lines 3--57

 []


Underfull \hbox (badness 10000) in paragraph at lines 3--57

 []


Underfull \hbox (badness 10000) in paragraph at lines 3--57

 []


Underfull \hbox (badness 10000) in paragraph at lines 3--57

 []


Underfull \hbox (badness 10000) in paragraph at lines 3--57

 []


Underfull \hbox (badness 10000) in paragraph at lines 3--57

 []


Underfull \hbox (badness 10000) in paragraph at lines 3--57

 []


Underfull \hbox (badness 10000) in paragraph at lines 3--57

 []


Underfull \hbox (badness 10000) in paragraph at lines 3--57

 []


Underfull \hbox (badness 10000) in paragraph at lines 3--57

 []


Underfull \hbox (badness 10000) in paragraph at lines 3--57

 []


Underfull \hbox (badness 10000) in paragraph at lines 3--57

 []


Underfull \hbox (badness 10000) in paragraph at lines 3--57

 []


Underfull \hbox (badness 10000) in paragraph at lines 3--57

 []


Underfull \hbox (badness 10000) in paragraph at lines 3--57

 []


Underfull \hbox (badness 10000) in paragraph at lines 3--57

 []


Underfull \hbox (badness 10000) in paragraph at lines 3--57

 []


Underfull \hbox (badness 10000) in paragraph at lines 3--57

 []


Underfull \hbox (badness 10000) in paragraph at lines 3--57

 []


Underfull \hbox (badness 10000) in paragraph at lines 3--57

 []


Underfull \hbox (badness 10000) in paragraph at lines 3--57

 []


Underfull \hbox (badness 10000) in paragraph at lines 3--57

 []


Underfull \hbox (badness 10000) in paragraph at lines 3--57

 []


Underfull \hbox (badness 10000) in paragraph at lines 3--57

 []


Underfull \vbox (badness 1558) has occurred while \output is active []

 [22



])
[23]
\openout2 = `References.aux'.

 (./References.tex) [24



] (./Main.aux (./Introduction.aux)
(./Requirements.aux) (./BP1.aux) (./Glossary.aux) (./References.aux))

LaTeX Font Warning: Some font shapes were not available, defaults substituted.

 ) 
Here is how much of TeX's memory you used:
 3789 strings out of 494733
 56563 string characters out of 1170938
 122340 words of memory out of 3000000
 6861 multiletter control sequences out of 10000+50000
 8778 words of font info for 31 fonts, out of 3000000 for 5000
 188 hyphenation exceptions out of 8191
 36i,11n,43p,538b,338s stack positions out of 5000i,500n,10000p,200000b,50000s
</usr/local/texlive/2008basic/texmf-dist/fonts/type1/bluesky/cm/cmss12.pfb></
usr/local/texlive/2008basic/texmf-dist/fonts/type1/bluesky/cm/cmssbx10.pfb></us
r/local/texlive/2008basic/texmf-dist/fonts/type1/bluesky/cm/cmsy10.pfb>
Output written on Main.pdf (24 pages, 101499 bytes).
PDF statistics:
 460 PDF objects out of 1000 (max. 8388607)
 91 named destinations out of 1000 (max. 131072)
 517 words of extra memory for PDF output out of 10000 (max. 10000000)

