\BOOKMARK [0][-]{chapter.1}{Introduction}{}
\BOOKMARK [1][-]{section.1.1}{Intention of project}{chapter.1}
\BOOKMARK [1][-]{section.1.2}{Goals and success criteria of project}{chapter.1}
\BOOKMARK [1][-]{section.1.3}{Definitions,acronyms and abbreviation}{chapter.1}
\BOOKMARK [1][-]{section.1.4}{Literature references}{chapter.1}
\BOOKMARK [0][-]{chapter.2}{Requirements}{}
\BOOKMARK [1][-]{section.2.1}{Overview}{chapter.2}
\BOOKMARK [1][-]{section.2.2}{NVRAM-Manager}{chapter.2}
\BOOKMARK [2][-]{subsection.2.2.1}{Acronyms and abbreviations}{section.2.2}
\BOOKMARK [2][-]{subsection.2.2.2}{Functional requirements}{section.2.2}
\BOOKMARK [3][-]{subsubsection.2.2.2.1}{Configuration}{subsection.2.2.2}
\BOOKMARK [3][-]{subsubsection.2.2.2.2}{Initialization}{subsection.2.2.2}
\BOOKMARK [3][-]{subsubsection.2.2.2.3}{Normal Operation}{subsection.2.2.2}
\BOOKMARK [3][-]{subsubsection.2.2.2.4}{Shutdown Operation}{subsection.2.2.2}
\BOOKMARK [3][-]{subsubsection.2.2.2.5}{Fault Operation}{subsection.2.2.2}
\BOOKMARK [2][-]{subsection.2.2.3}{Non-Functional Requirements}{section.2.2}
\BOOKMARK [3][-]{subsubsection.2.2.3.1}{Hardware independence}{subsection.2.2.3}
\BOOKMARK [3][-]{subsubsection.2.2.3.2}{Usability}{subsection.2.2.3}
\BOOKMARK [1][-]{section.2.3}{Internal Flash Driver}{chapter.2}
\BOOKMARK [2][-]{subsection.2.3.1}{Acronyms and abbreviations}{section.2.3}
\BOOKMARK [2][-]{subsection.2.3.2}{Functional requirements}{section.2.3}
\BOOKMARK [3][-]{subsubsection.2.3.2.1}{Configuration}{subsection.2.3.2}
\BOOKMARK [3][-]{subsubsection.2.3.2.2}{Normal Operation}{subsection.2.3.2}
\BOOKMARK [2][-]{subsection.2.3.3}{Non-Functional Requirements}{section.2.3}
\BOOKMARK [1][-]{section.2.4}{External Flash Driver}{chapter.2}
\BOOKMARK [2][-]{subsection.2.4.1}{Acronyms and abbreviations}{section.2.4}
\BOOKMARK [2][-]{subsection.2.4.2}{Functional requirements}{section.2.4}
\BOOKMARK [3][-]{subsubsection.2.4.2.1}{General}{subsection.2.4.2}
\BOOKMARK [3][-]{subsubsection.2.4.2.2}{Configuration}{subsection.2.4.2}
\BOOKMARK [3][-]{subsubsection.2.4.2.3}{Fault Operation}{subsection.2.4.2}
\BOOKMARK [2][-]{subsection.2.4.3}{Non-Functional Requirements}{section.2.4}
\BOOKMARK [1][-]{section.2.5}{Internal EEPROM Driver}{chapter.2}
\BOOKMARK [2][-]{subsection.2.5.1}{Acronyms and abbreviations}{section.2.5}
\BOOKMARK [2][-]{subsection.2.5.2}{Functional requirements}{section.2.5}
\BOOKMARK [3][-]{subsubsection.2.5.2.1}{Configuration}{subsection.2.5.2}
\BOOKMARK [3][-]{subsubsection.2.5.2.2}{Normal Operation}{subsection.2.5.2}
\BOOKMARK [2][-]{subsection.2.5.3}{Non-Functional Requirements}{section.2.5}
\BOOKMARK [1][-]{section.2.6}{External EEPROM Driver}{chapter.2}
\BOOKMARK [2][-]{subsection.2.6.1}{Acronyms and abbreviations}{section.2.6}
\BOOKMARK [2][-]{subsection.2.6.2}{Functional requirements}{section.2.6}
\BOOKMARK [3][-]{subsubsection.2.6.2.1}{General}{subsection.2.6.2}
\BOOKMARK [3][-]{subsubsection.2.6.2.2}{Configuration}{subsection.2.6.2}
\BOOKMARK [3][-]{subsubsection.2.6.2.3}{Normal Operation}{subsection.2.6.2}
\BOOKMARK [2][-]{subsection.2.6.3}{Non-Functional Requirements}{section.2.6}
\BOOKMARK [1][-]{section.2.7}{Memory Abstraction Modules}{chapter.2}
\BOOKMARK [2][-]{subsection.2.7.1}{Acronyms and abbreviations}{section.2.7}
\BOOKMARK [2][-]{subsection.2.7.2}{Functional requirements}{section.2.7}
\BOOKMARK [3][-]{subsubsection.2.7.2.1}{Configuration}{subsection.2.7.2}
\BOOKMARK [3][-]{subsubsection.2.7.2.2}{Normal Operation}{subsection.2.7.2}
\BOOKMARK [3][-]{subsubsection.2.7.2.3}{Fault Operation}{subsection.2.7.2}
\BOOKMARK [2][-]{subsection.2.7.3}{Non-Functional Requirements}{section.2.7}
\BOOKMARK [1][-]{section.2.8}{Memory Abstraction Interface}{chapter.2}
\BOOKMARK [2][-]{subsection.2.8.1}{Acronyms and abbreviations}{section.2.8}
\BOOKMARK [2][-]{subsection.2.8.2}{Functional requirements}{section.2.8}
\BOOKMARK [3][-]{subsubsection.2.8.2.1}{General}{subsection.2.8.2}
\BOOKMARK [3][-]{subsubsection.2.8.2.2}{Configuration}{subsection.2.8.2}
\BOOKMARK [3][-]{subsubsection.2.8.2.3}{Normal Operation}{subsection.2.8.2}
\BOOKMARK [3][-]{subsubsection.2.8.2.4}{Fault Operation}{subsection.2.8.2}
\BOOKMARK [2][-]{subsection.2.8.3}{Non-Functional Requirements}{section.2.8}
\BOOKMARK [3][-]{subsubsection.2.8.3.1}{Timing Requirements}{subsection.2.8.3}
\BOOKMARK [3][-]{subsubsection.2.8.3.2}{Resource Usage}{subsection.2.8.3}
\BOOKMARK [0][-]{chapter.3}{Software architecture}{}
\BOOKMARK [0][-]{chapter.4}{Glossary}{}
